19:18:52 Bands EURUSD,M1: loaded successfully
19:18:52 Symphonie_Trendline_Indikator EURUSD,M1: loaded successfully
19:18:52 Symphonie_Market_Emotion_Indikator EURUSD,M1: loaded successfully
19:18:52 Symphonie_Sentiment_Indikator EURUSD,M1: loaded successfully
19:18:52 Symphonie Extreme Indicator v2 EURUSD,M1: loaded successfully
19:18:52 Bands EURUSD,M1: initialized
19:18:52 Symphonie_Trendline_Indikator EURUSD,M1: initialized
19:18:52 Symphonie_Market_Emotion_Indikator EURUSD,M1: initialized
19:18:52 Symphonie_Sentiment_Indikator EURUSD,M1: initialized
19:18:52 Symphonie Extreme Indicator v2 EURUSD,M1: initialized
19:18:52 Symphonie_Sentiment_Indikator EURUSD,M1: Calculation time is 0.2 seconds
19:18:52 ASCTrend_Sound.mq4 EURUSD,M1: loaded successfully
19:18:52 QQE Alert v3 EURUSD,M1: loaded successfully
19:18:52 ZigZag EURUSD,M1: loaded successfully
19:18:52 QQEA EURUSD,M1: loaded successfully
19:18:52 ASCTrend_Sound.mq4 EURUSD,M1: initialized
19:18:52 QQE Alert v3 EURUSD,M1: initialized
19:18:52 ZigZag EURUSD,M1: initialized
19:18:52 QQEA EURUSD,M1: initialized
19:18:52 QQE Alert v3 EURUSD,M1:  limit is 9440
19:18:52 QQEA EURUSD,M1: loaded successfully
19:18:52 QQEA EURUSD,M1: initialized
19:18:53 QQE Alert v3 EURUSD,M1:  limit is 2
19:18:53 Symphonie_Sentiment_Indikator EURUSD,M1: Calculation time is 0.2 seconds
19:18:55 QQE Alert v3 EURUSD,M1:  limit is 3
19:18:55 Symphonie_Sentiment_Indikator EURUSD,M1: Calculation time is 0.2 seconds
19:18:56 QQE Alert v3 EURUSD,M1:  limit is 9952
19:18:56 Symphonie_Sentiment_Indikator EURUSD,M1: Calculation time is 0.2 seconds
19:18:56 QQE Alert v3 EURUSD,M1:  limit is 10464
19:18:56 Symphonie_Sentiment_Indikator EURUSD,M1: Calculation time is 0.2 seconds
19:18:56 QQE Alert v3 EURUSD,M1:  limit is 10976
19:18:57 Symphonie_Sentiment_Indikator EURUSD,M1: Calculation time is 0.2 seconds
19:18:57 QQE Alert v3 EURUSD,M1:  limit is 11488
19:18:57 Symphonie_Sentiment_Indikator EURUSD,M1: Calculation time is 0.2 seconds
19:18:57 QQE Alert v3 EURUSD,M1:  limit is 12000
19:18:57 Symphonie_Sentiment_Indikator EURUSD,M1: Calculation time is 0.2 seconds
19:18:58 QQE Alert v3 EURUSD,M1:  limit is 12512
19:18:58 Symphonie_Sentiment_Indikator EURUSD,M1: Calculation time is 0.2 seconds
19:18:58 QQE Alert v3 EURUSD,M1:  limit is 13024
19:18:58 Symphonie_Sentiment_Indikator EURUSD,M1: Calculation time is 0.2 seconds
19:19:00 QQE Alert v3 EURUSD,M1:  limit is 13536
19:19:00 Symphonie_Sentiment_Indikator EURUSD,M1: Calculation time is 0.2 seconds
19:19:00 QQE Alert v3 EURUSD,M1:  limit is 14048
19:19:00 Symphonie_Sentiment_Indikator EURUSD,M1: Calculation time is 0.2 seconds
19:19:00 QQE Alert v3 EURUSD,M1:  limit is 14560
19:19:00 Symphonie_Sentiment_Indikator EURUSD,M1: Calculation time is 0.2 seconds
19:19:00 QQE Alert v3 EURUSD,M1:  limit is 15072
19:19:00 Symphonie_Sentiment_Indikator EURUSD,M1: Calculation time is 0.2 seconds
19:19:00 QQE Alert v3 EURUSD,M1:  limit is 15584
19:19:00 Symphonie_Sentiment_Indikator EURUSD,M1: Calculation time is 0.2 seconds
19:19:01 QQE Alert v3 EURUSD,M1:  limit is 16096
19:19:01 Symphonie_Sentiment_Indikator EURUSD,M1: Calculation time is 0.2 seconds
19:19:01 QQE Alert v3 EURUSD,M1:  limit is 16608
19:19:01 Symphonie_Sentiment_Indikator EURUSD,M1: Calculation time is 0.2 seconds
19:19:01 QQE Alert v3 EURUSD,M1:  limit is 17120
19:19:02 Symphonie_Sentiment_Indikator EURUSD,M1: Calculation time is 0.2 seconds
19:19:02 QQE Alert v3 EURUSD,M1:  limit is 17632
19:19:02 Symphonie_Sentiment_Indikator EURUSD,M1: Calculation time is 0.2 seconds
19:19:02 QQE Alert v3 EURUSD,M1:  limit is 18144
19:19:02 Symphonie_Sentiment_Indikator EURUSD,M1: Calculation time is 0.2 seconds
19:19:03 QQE Alert v3 EURUSD,M1:  limit is 18656
19:19:03 Symphonie_Sentiment_Indikator EURUSD,M1: Calculation time is 0.2 seconds
19:19:03 QQE Alert v3 EURUSD,M1:  limit is 19168
19:19:03 Symphonie_Sentiment_Indikator EURUSD,M1: Calculation time is 0.2 seconds
19:19:04 QQE Alert v3 EURUSD,M1:  limit is 19680
19:19:04 Symphonie_Sentiment_Indikator EURUSD,M1: Calculation time is 0.2 seconds
19:19:04 QQE Alert v3 EURUSD,M1:  limit is 19805
19:19:04 Symphonie_Sentiment_Indikator EURUSD,M1: Calculation time is 0.2 seconds
19:19:05 QQE Alert v3 EURUSD,M1:  limit is 2
19:19:05 Symphonie_Sentiment_Indikator EURUSD,M1: Calculation time is 0.2 seconds
20:06:36 Bands EURUSD,M1: uninit reason 1
20:06:36 Symphonie_Trendline_Indikator EURUSD,M1: deinitialized
20:06:36 Symphonie_Trendline_Indikator EURUSD,M1: uninit reason 1
20:06:36 Symphonie_Market_Emotion_Indikator EURUSD,M1: deinitialized
20:06:36 Symphonie_Market_Emotion_Indikator EURUSD,M1: uninit reason 1
20:06:36 Symphonie_Sentiment_Indikator EURUSD,M1: uninit reason 1
20:06:36 Symphonie Extreme Indicator v2 EURUSD,M1: deinitialized
20:06:36 Symphonie Extreme Indicator v2 EURUSD,M1: uninit reason 1
20:06:36 Bands EURUSD,M1: removed
20:06:36 Symphonie_Trendline_Indikator EURUSD,M1: removed
20:06:36 Symphonie_Market_Emotion_Indikator EURUSD,M1: removed
20:06:36 Symphonie_Sentiment_Indikator EURUSD,M1: removed
20:06:36 Symphonie Extreme Indicator v2 EURUSD,M1: removed
20:06:36 ASCTrend_Sound.mq4 EURUSD,M1: deinitialized
20:06:36 ASCTrend_Sound.mq4 EURUSD,M1: uninit reason 1
20:06:36 QQE Alert v3 EURUSD,M1: deinitialized
20:06:36 QQE Alert v3 EURUSD,M1: uninit reason 1
20:06:36 QQEA EURUSD,M1: uninit reason 1
20:06:36 QQEA EURUSD,M1: removed
20:06:36 ZigZag EURUSD,M1: uninit reason 1
20:06:36 QQEA EURUSD,M1: uninit reason 1
20:06:36 ASCTrend_Sound.mq4 EURUSD,M1: removed
20:06:36 QQE Alert v3 EURUSD,M1: removed
20:06:36 ZigZag EURUSD,M1: removed
20:06:36 QQEA EURUSD,M1: removed
23:57:43 Bands EURUSD,M1: loaded successfully
23:57:43 Symphonie_Trendline_Indikator EURUSD,M1: loaded successfully
23:57:43 Symphonie_Market_Emotion_Indikator EURUSD,M1: loaded successfully
23:57:43 Symphonie_Sentiment_Indikator EURUSD,M1: loaded successfully
23:57:43 Symphonie Extreme Indicator v2 EURUSD,M1: loaded successfully
23:57:43 Bands EURUSD,M1: initialized
23:57:43 Symphonie_Trendline_Indikator EURUSD,M1: initialized
23:57:43 Symphonie_Market_Emotion_Indikator EURUSD,M1: initialized
23:57:43 Symphonie_Sentiment_Indikator EURUSD,M1: initialized
23:57:43 Symphonie Extreme Indicator v2 EURUSD,M1: initialized
23:57:43 Symphonie_Sentiment_Indikator EURUSD,M1: Calculation time is 0.2 seconds
23:57:43 ASCTrend_Sound.mq4 EURUSD,M1: loaded successfully
23:57:43 QQE Alert v3 EURUSD,M1: loaded successfully
23:57:43 ZigZag EURUSD,M1: loaded successfully
23:57:43 QQEA EURUSD,M1: loaded successfully
23:57:43 ASCTrend_Sound.mq4 EURUSD,M1: initialized
23:57:43 QQE Alert v3 EURUSD,M1: initialized
23:57:43 ZigZag EURUSD,M1: initialized
23:57:43 QQEA EURUSD,M1: initialized
23:57:43 QQE Alert v3 EURUSD,M1:  limit is 19805
23:57:43 QQEA EURUSD,M1: loaded successfully
23:57:43 QQEA EURUSD,M1: initialized
23:57:45 QQE Alert v3 EURUSD,M1:  limit is 2
23:57:45 Symphonie_Sentiment_Indikator EURUSD,M1: Calculation time is 0.2 seconds
23:57:48 QQE Alert v3 EURUSD,M1:  limit is 19805
23:57:48 Symphonie_Sentiment_Indikator EURUSD,M1: Calculation time is 0.2 seconds
23:57:48 QQE Alert v3 EURUSD,M1:  limit is 2
23:57:48 Symphonie_Sentiment_Indikator EURUSD,M1: Calculation time is 0.2 seconds
23:58:36 Bands EURUSD,M1: uninit reason 1
23:58:36 Symphonie_Trendline_Indikator EURUSD,M1: deinitialized
23:58:36 Symphonie_Trendline_Indikator EURUSD,M1: uninit reason 1
23:58:36 Symphonie_Market_Emotion_Indikator EURUSD,M1: deinitialized
23:58:36 Symphonie_Market_Emotion_Indikator EURUSD,M1: uninit reason 1
23:58:36 Symphonie_Sentiment_Indikator EURUSD,M1: uninit reason 1
23:58:36 Symphonie Extreme Indicator v2 EURUSD,M1: deinitialized
23:58:36 Symphonie Extreme Indicator v2 EURUSD,M1: uninit reason 1
23:58:36 Bands EURUSD,M1: removed
23:58:36 Symphonie_Trendline_Indikator EURUSD,M1: removed
23:58:36 Symphonie_Market_Emotion_Indikator EURUSD,M1: removed
23:58:36 Symphonie_Sentiment_Indikator EURUSD,M1: removed
23:58:36 Symphonie Extreme Indicator v2 EURUSD,M1: removed
23:58:36 ASCTrend_Sound.mq4 EURUSD,M1: deinitialized
23:58:36 ASCTrend_Sound.mq4 EURUSD,M1: uninit reason 1
23:58:36 QQE Alert v3 EURUSD,M1: deinitialized
23:58:36 QQE Alert v3 EURUSD,M1: uninit reason 1
23:58:36 QQEA EURUSD,M1: uninit reason 1
23:58:36 QQEA EURUSD,M1: removed
23:58:36 ZigZag EURUSD,M1: uninit reason 1
23:58:36 QQEA EURUSD,M1: uninit reason 1
23:58:36 ASCTrend_Sound.mq4 EURUSD,M1: removed
23:58:36 QQE Alert v3 EURUSD,M1: removed
23:58:36 ZigZag EURUSD,M1: removed
23:58:36 QQEA EURUSD,M1: removed
